[debug] [2021-10-19T02:44:44.804Z] ----------------------------------------------------------------------
[debug] [2021-10-19T02:44:44.808Z] Command:       /usr/bin/node /usr/local/bin/firebase deploy --only functions
[debug] [2021-10-19T02:44:44.809Z] CLI Version:   9.18.0
[debug] [2021-10-19T02:44:44.809Z] Platform:      linux
[debug] [2021-10-19T02:44:44.809Z] Node Version:  v12.22.5
[debug] [2021-10-19T02:44:44.810Z] Time:          Tue Oct 19 2021 05:44:44 GMT+0300 (East Africa Time)
[debug] [2021-10-19T02:44:44.810Z] ----------------------------------------------------------------------
[debug] 
[debug] [2021-10-19T02:44:44.915Z] > command requires scopes: ["email","openid","https://www.googleapis.com/auth/cloudplatformprojects.readonly","https://www.googleapis.com/auth/firebase","https://www.googleapis.com/auth/cloud-platform"]
[debug] [2021-10-19T02:44:44.916Z] > authorizing via signed-in user (joelkanyi98@gmail.com)
[debug] [2021-10-19T02:44:44.916Z] [iam] checking project savingszetu for permissions ["cloudfunctions.functions.create","cloudfunctions.functions.delete","cloudfunctions.functions.get","cloudfunctions.functions.list","cloudfunctions.functions.update","cloudfunctions.operations.get","firebase.projects.get"]
[debug] [2021-10-19T02:44:44.919Z] >>> HTTP REQUEST POST https://cloudresourcemanager.googleapis.com/v1/projects/savingszetu:testIamPermissions  
 {"permissions":["cloudfunctions.functions.create","cloudfunctions.functions.delete","cloudfunctions.functions.get","cloudfunctions.functions.list","cloudfunctions.functions.update","cloudfunctions.operations.get","firebase.projects.get"]}
[debug] [2021-10-19T02:44:47.426Z] <<< HTTP RESPONSE 200 {"content-type":"application/json; charset=UTF-8","vary":"X-Origin, Referer, Origin,Accept-Encoding","date":"Tue, 19 Oct 2021 02:44:47 GMT","server":"ESF","cache-control":"private","x-xss-protection":"0","x-frame-options":"SAMEORIGIN","x-content-type-options":"nosniff","server-timing":"gfet4t7; dur=1279","alt-svc":"h3=\":443\"; ma=2592000,h3-29=\":443\"; ma=2592000,h3-T051=\":443\"; ma=2592000,h3-Q050=\":443\"; ma=2592000,h3-Q046=\":443\"; ma=2592000,h3-Q043=\":443\"; ma=2592000,quic=\":443\"; ma=2592000; v=\"46,43\"","accept-ranges":"none","transfer-encoding":"chunked"}
[debug] [2021-10-19T02:44:47.430Z] >>> HTTP REQUEST POST https://iam.googleapis.com/v1/projects/savingszetu/serviceAccounts/savingszetu@appspot.gserviceaccount.com:testIamPermissions  
 {"permissions":["iam.serviceAccounts.actAs"]}
[debug] [2021-10-19T02:44:49.840Z] <<< HTTP RESPONSE 200 {"content-type":"application/json; charset=UTF-8","vary":"X-Origin, Referer, Origin,Accept-Encoding","date":"Tue, 19 Oct 2021 02:44:49 GMT","server":"ESF","cache-control":"private","x-xss-protection":"0","x-frame-options":"SAMEORIGIN","x-content-type-options":"nosniff","alt-svc":"h3=\":443\"; ma=2592000,h3-29=\":443\"; ma=2592000,h3-T051=\":443\"; ma=2592000,h3-Q050=\":443\"; ma=2592000,h3-Q046=\":443\"; ma=2592000,h3-Q043=\":443\"; ma=2592000,quic=\":443\"; ma=2592000; v=\"46,43\"","accept-ranges":"none","transfer-encoding":"chunked"}
[info] 
[info] === Deploying to 'savingszetu'...
[info] 
[info] i  deploying functions 
[debug] [2021-10-19T02:44:49.862Z] Validating nodejs source
[debug] [2021-10-19T02:44:54.610Z] > [functions] package.json contents: {
  "name": "functions",
  "description": "Cloud Functions for Firebase",
  "scripts": {
    "serve": "firebase emulators:start --only functions",
    "shell": "firebase functions:shell",
    "start": "npm run shell",
    "deploy": "firebase deploy --only functions",
    "logs": "firebase functions:log"
  },
  "engines": {
    "node": "14"
  },
  "main": "index.js",
  "dependencies": {
    "body-parser": "^1.19.0",
    "express": "^4.17.1",
    "firebase-admin": "^9.8.0",
    "firebase-functions": "^3.14.1"
  },
  "devDependencies": {
    "firebase-functions-test": "^0.2.0"
  },
  "private": true
}
[debug] [2021-10-19T02:44:54.611Z] Building nodejs source
[info] i  functions: ensuring required API cloudfunctions.googleapis.com is enabled... 
[info] i  functions: ensuring required API cloudbuild.googleapis.com is enabled... 
[debug] [2021-10-19T02:44:54.616Z] >>> HTTP REQUEST GET https://serviceusage.googleapis.com/v1/projects/savingszetu/services/cloudfunctions.googleapis.com  
 
[debug] [2021-10-19T02:44:54.619Z] >>> HTTP REQUEST GET https://serviceusage.googleapis.com/v1/projects/savingszetu/services/runtimeconfig.googleapis.com  
 
[debug] [2021-10-19T02:44:54.620Z] >>> HTTP REQUEST GET https://serviceusage.googleapis.com/v1/projects/savingszetu/services/cloudbuild.googleapis.com  
 
[debug] [2021-10-19T02:44:56.970Z] <<< HTTP RESPONSE 200 {"content-type":"application/json; charset=UTF-8","vary":"X-Origin, Referer, Origin,Accept-Encoding","date":"Tue, 19 Oct 2021 02:44:56 GMT","server":"ESF","cache-control":"private","x-xss-protection":"0","x-frame-options":"SAMEORIGIN","x-content-type-options":"nosniff","alt-svc":"h3=\":443\"; ma=2592000,h3-29=\":443\"; ma=2592000,h3-T051=\":443\"; ma=2592000,h3-Q050=\":443\"; ma=2592000,h3-Q046=\":443\"; ma=2592000,h3-Q043=\":443\"; ma=2592000,quic=\":443\"; ma=2592000; v=\"46,43\"","accept-ranges":"none","transfer-encoding":"chunked"}
[debug] [2021-10-19T02:44:57.554Z] <<< HTTP RESPONSE 200 {"content-type":"application/json; charset=UTF-8","vary":"X-Origin, Referer, Origin,Accept-Encoding","date":"Tue, 19 Oct 2021 02:44:56 GMT","server":"ESF","cache-control":"private","x-xss-protection":"0","x-frame-options":"SAMEORIGIN","x-content-type-options":"nosniff","alt-svc":"h3=\":443\"; ma=2592000,h3-29=\":443\"; ma=2592000,h3-T051=\":443\"; ma=2592000,h3-Q050=\":443\"; ma=2592000,h3-Q046=\":443\"; ma=2592000,h3-Q043=\":443\"; ma=2592000,quic=\":443\"; ma=2592000; v=\"46,43\"","accept-ranges":"none","transfer-encoding":"chunked"}
[info] ✔  functions: required API cloudbuild.googleapis.com is enabled 
[debug] [2021-10-19T02:44:57.578Z] <<< HTTP RESPONSE 200 {"content-type":"application/json; charset=UTF-8","vary":"X-Origin, Referer, Origin,Accept-Encoding","date":"Tue, 19 Oct 2021 02:44:56 GMT","server":"ESF","cache-control":"private","x-xss-protection":"0","x-frame-options":"SAMEORIGIN","x-content-type-options":"nosniff","alt-svc":"h3=\":443\"; ma=2592000,h3-29=\":443\"; ma=2592000,h3-T051=\":443\"; ma=2592000,h3-Q050=\":443\"; ma=2592000,h3-Q046=\":443\"; ma=2592000,h3-Q043=\":443\"; ma=2592000,quic=\":443\"; ma=2592000; v=\"46,43\"","accept-ranges":"none","transfer-encoding":"chunked"}
[info] ✔  functions: required API cloudfunctions.googleapis.com is enabled 
[debug] [2021-10-19T02:44:57.582Z] >>> HTTP REQUEST GET https://firebase.googleapis.com/v1beta1/projects/savingszetu/adminSdkConfig  
 
[debug] [2021-10-19T02:44:59.169Z] <<< HTTP RESPONSE 200 {"content-type":"application/json; charset=UTF-8","vary":"X-Origin, Referer, Origin,Accept-Encoding","date":"Tue, 19 Oct 2021 02:44:58 GMT","server":"ESF","cache-control":"private","x-xss-protection":"0","x-frame-options":"SAMEORIGIN","x-content-type-options":"nosniff","alt-svc":"h3=\":443\"; ma=2592000,h3-29=\":443\"; ma=2592000,h3-T051=\":443\"; ma=2592000,h3-Q050=\":443\"; ma=2592000,h3-Q046=\":443\"; ma=2592000,h3-Q043=\":443\"; ma=2592000,quic=\":443\"; ma=2592000; v=\"46,43\"","accept-ranges":"none","transfer-encoding":"chunked"}
[debug] [2021-10-19T02:44:59.171Z] >>> HTTP REQUEST GET https://runtimeconfig.googleapis.com/v1beta1/projects/savingszetu/configs  
 
[debug] [2021-10-19T02:45:01.039Z] <<< HTTP RESPONSE 200 {"content-type":"application/json; charset=UTF-8","vary":"X-Origin, Referer, Origin,Accept-Encoding","date":"Tue, 19 Oct 2021 02:45:00 GMT","server":"ESF","cache-control":"private","x-xss-protection":"0","x-frame-options":"SAMEORIGIN","x-content-type-options":"nosniff","alt-svc":"h3=\":443\"; ma=2592000,h3-29=\":443\"; ma=2592000,h3-T051=\":443\"; ma=2592000,h3-Q050=\":443\"; ma=2592000,h3-Q046=\":443\"; ma=2592000,h3-Q043=\":443\"; ma=2592000,quic=\":443\"; ma=2592000; v=\"46,43\"","accept-ranges":"none","transfer-encoding":"chunked"}
[debug] [2021-10-19T02:45:01.048Z] Analyzing nodejs backend spec
[info] i  functions: preparing functions directory for uploading... 
[info] i  functions: packaged functions (50.62 KB) for uploading 
[debug] [2021-10-19T02:45:01.602Z] >>> HTTP REQUEST GET https://cloudfunctions.googleapis.com/v1/projects/savingszetu/locations/-/functions  
 
[debug] [2021-10-19T02:45:03.392Z] <<< HTTP RESPONSE 200 {"content-type":"application/json; charset=UTF-8","vary":"X-Origin, Referer, Origin,Accept-Encoding","date":"Tue, 19 Oct 2021 02:45:03 GMT","server":"ESF","cache-control":"private","x-xss-protection":"0","x-frame-options":"SAMEORIGIN","x-content-type-options":"nosniff","alt-svc":"h3=\":443\"; ma=2592000,h3-29=\":443\"; ma=2592000,h3-T051=\":443\"; ma=2592000,h3-Q050=\":443\"; ma=2592000,h3-Q046=\":443\"; ma=2592000,h3-Q043=\":443\"; ma=2592000,quic=\":443\"; ma=2592000; v=\"46,43\"","accept-ranges":"none","transfer-encoding":"chunked"}
[debug] [2021-10-19T02:45:03.397Z] [functions] found 1 new HTTP functions, testing setIamPolicy permission...
[debug] [2021-10-19T02:45:03.398Z] >>> HTTP REQUEST POST https://cloudresourcemanager.googleapis.com/v1/projects/savingszetu:testIamPermissions  
 {"permissions":["cloudfunctions.functions.setIamPolicy"]}
[debug] [2021-10-19T02:45:06.075Z] <<< HTTP RESPONSE 200 {"content-type":"application/json; charset=UTF-8","vary":"X-Origin, Referer, Origin,Accept-Encoding","date":"Tue, 19 Oct 2021 02:45:05 GMT","server":"ESF","cache-control":"private","x-xss-protection":"0","x-frame-options":"SAMEORIGIN","x-content-type-options":"nosniff","server-timing":"gfet4t7; dur=1253","alt-svc":"h3=\":443\"; ma=2592000,h3-29=\":443\"; ma=2592000,h3-T051=\":443\"; ma=2592000,h3-Q050=\":443\"; ma=2592000,h3-Q046=\":443\"; ma=2592000,h3-Q043=\":443\"; ma=2592000,quic=\":443\"; ma=2592000; v=\"46,43\"","accept-ranges":"none","transfer-encoding":"chunked"}
[debug] [2021-10-19T02:45:06.076Z] [functions] found setIamPolicy permission, proceeding with deploy
[debug] [2021-10-19T02:45:06.078Z] >>> HTTP REQUEST POST https://cloudfunctions.googleapis.com/v1/projects/savingszetu/locations/us-central1/functions:generateUploadUrl  
 
[debug] [2021-10-19T02:45:07.847Z] <<< HTTP RESPONSE 200 {"content-type":"application/json; charset=UTF-8","vary":"X-Origin, Referer, Origin,Accept-Encoding","date":"Tue, 19 Oct 2021 02:45:07 GMT","server":"ESF","cache-control":"private","x-xss-protection":"0","x-frame-options":"SAMEORIGIN","x-content-type-options":"nosniff","alt-svc":"h3=\":443\"; ma=2592000,h3-29=\":443\"; ma=2592000,h3-T051=\":443\"; ma=2592000,h3-Q050=\":443\"; ma=2592000,h3-Q046=\":443\"; ma=2592000,h3-Q043=\":443\"; ma=2592000,quic=\":443\"; ma=2592000; v=\"46,43\"","accept-ranges":"none","transfer-encoding":"chunked"}
[debug] [2021-10-19T02:45:07.851Z] >>> HTTP REQUEST PUT https://storage.googleapis.com/gcf-upload-us-central1-89571893-e332-4ff8-abd5-bd78dd33e618/69b6538f-6fc4-4c2b-a0cb-141e9ecf74ec.zip?GoogleAccessId=service-60200726040@gcf-admin-robot.iam.gserviceaccount.com&Expires=1634613307&Signature=YqDArlTN65eYruatzEestGILmCnA%2BZo4ohLpg%2FKKeHSzl4i5PzBW6lEMNRDK0QlqH9euAYf5XVkqXqxQBxQKNpe3Il450pD8Hv%2Bob1mBS2vh%2Bb8YhUrnlld8mhQv9tFflGEuDMwgYF%2F7z2SO1pf5YXv%2FPxCQApHycXDTqrd53IrYvC16VrR5XjGgKEXaBOTnOYr6%2BW%2FSBX%2FWAtJkt3YHBF6PeB6vauPGYkpaYbib9msgvzxVE8UcJBC%2FlFEQ%2FCQmQQlqO5BG%2BQhPeTWYjlXjJIxt%2BdCXcug8wk5Btl7UQuhFZibUsyBEeGelpadfwW2Rj0NcTGZhdR%2FqDesW7hFgXw%3D%3D  
 <request body omitted>
[debug] [2021-10-19T02:45:10.048Z] <<< HTTP RESPONSE 200 {"x-guploader-uploadid":"ADPycdviHo_Ek75wbRP3Pzf2uwVOrxv1L72fj7fF33E_6dgjGTGnc8Mvx9Wq8glbqo9NJRo-4fmvFBCIm91kAcM9108","etag":"\"50050e4140d0c0e277a335dd92e48c7b\"","x-goog-generation":"1634611509675936","x-goog-metageneration":"1","x-goog-hash":"crc32c=u7Mgng==, md5=UAUOQUDQwOJ3ozXdkuSMew==","x-goog-stored-content-length":"51836","x-goog-stored-content-encoding":"identity","vary":"Origin","content-length":"0","date":"Tue, 19 Oct 2021 02:45:09 GMT","server":"UploadServer","content-type":"text/html; charset=UTF-8","alt-svc":"h3=\":443\"; ma=2592000,h3-29=\":443\"; ma=2592000,h3-T051=\":443\"; ma=2592000,h3-Q050=\":443\"; ma=2592000,h3-Q046=\":443\"; ma=2592000,h3-Q043=\":443\"; ma=2592000,quic=\":443\"; ma=2592000; v=\"46,43\""}
[info] ✔  functions: functions folder uploaded successfully 
[info] i  functions: creating Node.js 14 function api(us-central1)... 
[debug] [2021-10-19T02:45:10.063Z] >>> HTTP REQUEST POST https://cloudfunctions.googleapis.com/v1/projects/savingszetu/locations/us-central1/functions  
 {"name":"projects/savingszetu/locations/us-central1/functions/api","sourceUploadUrl":"https://storage.googleapis.com/gcf-upload-us-central1-89571893-e332-4ff8-abd5-bd78dd33e618/69b6538f-6fc4-4c2b-a0cb-141e9ecf74ec.zip?GoogleAccessId=service-60200726040@gcf-admin-robot.iam.gserviceaccount.com&Expires=1634613307&Signature=YqDArlTN65eYruatzEestGILmCnA%2BZo4ohLpg%2FKKeHSzl4i5PzBW6lEMNRDK0QlqH9euAYf5XVkqXqxQBxQKNpe3Il450pD8Hv%2Bob1mBS2vh%2Bb8YhUrnlld8mhQv9tFflGEuDMwgYF%2F7z2SO1pf5YXv%2FPxCQApHycXDTqrd53IrYvC16VrR5XjGgKEXaBOTnOYr6%2BW%2FSBX%2FWAtJkt3YHBF6PeB6vauPGYkpaYbib9msgvzxVE8UcJBC%2FlFEQ%2FCQmQQlqO5BG%2BQhPeTWYjlXjJIxt%2BdCXcug8wk5Btl7UQuhFZibUsyBEeGelpadfwW2Rj0NcTGZhdR%2FqDesW7hFgXw%3D%3D","entryPoint":"api","runtime":"nodejs14","httpsTrigger":{},"labels":{"deployment-tool":"cli-firebase"},"environmentVariables":{"FIREBASE_CONFIG":"{\"projectId\":\"savingszetu\",\"databaseURL\":\"https://savingszetu-default-rtdb.firebaseio.com\",\"storageBucket\":\"savingszetu.appspot.com\",\"locationId\":\"us-central\"}","GCLOUD_PROJECT":"savingszetu"}}
[debug] [2021-10-19T02:45:12.497Z] <<< HTTP RESPONSE 200 {"content-type":"application/json; charset=UTF-8","vary":"X-Origin, Referer, Origin,Accept-Encoding","date":"Tue, 19 Oct 2021 02:45:12 GMT","server":"ESF","cache-control":"private","x-xss-protection":"0","x-frame-options":"SAMEORIGIN","x-content-type-options":"nosniff","alt-svc":"h3=\":443\"; ma=2592000,h3-29=\":443\"; ma=2592000,h3-T051=\":443\"; ma=2592000,h3-Q050=\":443\"; ma=2592000,h3-Q046=\":443\"; ma=2592000,h3-Q043=\":443\"; ma=2592000,quic=\":443\"; ma=2592000; v=\"46,43\"","accept-ranges":"none","transfer-encoding":"chunked"}
[debug] [2021-10-19T02:45:12.504Z] > refreshing access token with scopes: []
[debug] [2021-10-19T02:45:12.505Z] >>> HTTP REQUEST POST https://www.googleapis.com/oauth2/v3/token  
 <request body omitted>
[debug] [2021-10-19T02:45:13.777Z] <<< HTTP RESPONSE 200 {"pragma":"no-cache","expires":"Mon, 01 Jan 1990 00:00:00 GMT","cache-control":"no-cache, no-store, max-age=0, must-revalidate","date":"Tue, 19 Oct 2021 02:45:13 GMT","content-type":"application/json; charset=utf-8","vary":"X-Origin, Referer, Origin,Accept-Encoding","server":"scaffolding on HTTPServer2","x-xss-protection":"0","x-frame-options":"SAMEORIGIN","x-content-type-options":"nosniff","alt-svc":"h3=\":443\"; ma=2592000,h3-29=\":443\"; ma=2592000,h3-T051=\":443\"; ma=2592000,h3-Q050=\":443\"; ma=2592000,h3-Q046=\":443\"; ma=2592000,h3-Q043=\":443\"; ma=2592000,quic=\":443\"; ma=2592000; v=\"46,43\"","accept-ranges":"none","transfer-encoding":"chunked"}
[debug] [2021-10-19T02:45:13.894Z] >>> [apiv2][query] GET https://cloudfunctions.googleapis.com/v1/operations/c2F2aW5nc3pldHUvdXMtY2VudHJhbDEvYXBpL1loT3hvQk02M05r [none]
[debug] [2021-10-19T02:45:15.388Z] <<< [apiv2][status] GET https://cloudfunctions.googleapis.com/v1/operations/c2F2aW5nc3pldHUvdXMtY2VudHJhbDEvYXBpL1loT3hvQk02M05r 200
[debug] [2021-10-19T02:45:15.388Z] <<< [apiv2][body] GET https://cloudfunctions.googleapis.com/v1/operations/c2F2aW5nc3pldHUvdXMtY2VudHJhbDEvYXBpL1loT3hvQk02M05r {"name":"operations/c2F2aW5nc3pldHUvdXMtY2VudHJhbDEvYXBpL1loT3hvQk02M05r","metadata":{"@type":"type.googleapis.com/google.cloud.functions.v1.OperationMetadataV1","target":"projects/savingszetu/locations/us-central1/functions/api","type":"CREATE_FUNCTION","request":{"@type":"type.googleapis.com/google.cloud.functions.v1.CloudFunction","name":"projects/savingszetu/locations/us-central1/functions/api","httpsTrigger":{},"entryPoint":"api","labels":{"deployment-tool":"cli-firebase"},"sourceUploadUrl":"https://storage.googleapis.com/gcf-upload-us-central1-89571893-e332-4ff8-abd5-bd78dd33e618/69b6538f-6fc4-4c2b-a0cb-141e9ecf74ec.zip?GoogleAccessId=service-60200726040@gcf-admin-robot.iam.gserviceaccount.com&Expires=1634613307&Signature=YqDArlTN65eYruatzEestGILmCnA%2BZo4ohLpg%2FKKeHSzl4i5PzBW6lEMNRDK0QlqH9euAYf5XVkqXqxQBxQKNpe3Il450pD8Hv%2Bob1mBS2vh%2Bb8YhUrnlld8mhQv9tFflGEuDMwgYF%2F7z2SO1pf5YXv%2FPxCQApHycXDTqrd53IrYvC16VrR5XjGgKEXaBOTnOYr6%2BW%2FSBX%2FWAtJkt3YHBF6PeB6vauPGYkpaYbib9msgvzxVE8UcJBC%2FlFEQ%2FCQmQQlqO5BG%2BQhPeTWYjlXjJIxt%2BdCXcug8wk5Btl7UQuhFZibUsyBEeGelpadfwW2Rj0NcTGZhdR%2FqDesW7hFgXw%3D%3D","environmentVariables":{"FIREBASE_CONFIG":"{\"projectId\":\"savingszetu\",\"databaseURL\":\"https://savingszetu-default-rtdb.firebaseio.com\",\"storageBucket\":\"savingszetu.appspot.com\",\"locationId\":\"us-central\"}","GCLOUD_PROJECT":"savingszetu"},"runtime":"nodejs14"},"versionId":"1","updateTime":"2021-10-19T02:45:12Z","buildId":"f0de8c11-08cc-49ca-9e1f-f24826d0d558","buildName":"projects/60200726040/locations/us-central1/builds/f0de8c11-08cc-49ca-9e1f-f24826d0d558"}}
[debug] [2021-10-19T02:45:15.892Z] [create-projects/savingszetu/locations/us-central1/functions/api] Retrying task index 0
[debug] [2021-10-19T02:45:15.893Z] >>> [apiv2][query] GET https://cloudfunctions.googleapis.com/v1/operations/c2F2aW5nc3pldHUvdXMtY2VudHJhbDEvYXBpL1loT3hvQk02M05r [none]
[debug] [2021-10-19T02:45:17.022Z] <<< [apiv2][status] GET https://cloudfunctions.googleapis.com/v1/operations/c2F2aW5nc3pldHUvdXMtY2VudHJhbDEvYXBpL1loT3hvQk02M05r 200
[debug] [2021-10-19T02:45:17.023Z] <<< [apiv2][body] GET https://cloudfunctions.googleapis.com/v1/operations/c2F2aW5nc3pldHUvdXMtY2VudHJhbDEvYXBpL1loT3hvQk02M05r {"name":"operations/c2F2aW5nc3pldHUvdXMtY2VudHJhbDEvYXBpL1loT3hvQk02M05r","metadata":{"@type":"type.googleapis.com/google.cloud.functions.v1.OperationMetadataV1","target":"projects/savingszetu/locations/us-central1/functions/api","type":"CREATE_FUNCTION","request":{"@type":"type.googleapis.com/google.cloud.functions.v1.CloudFunction","name":"projects/savingszetu/locations/us-central1/functions/api","httpsTrigger":{},"entryPoint":"api","labels":{"deployment-tool":"cli-firebase"},"sourceUploadUrl":"https://storage.googleapis.com/gcf-upload-us-central1-89571893-e332-4ff8-abd5-bd78dd33e618/69b6538f-6fc4-4c2b-a0cb-141e9ecf74ec.zip?GoogleAccessId=service-60200726040@gcf-admin-robot.iam.gserviceaccount.com&Expires=1634613307&Signature=YqDArlTN65eYruatzEestGILmCnA%2BZo4ohLpg%2FKKeHSzl4i5PzBW6lEMNRDK0QlqH9euAYf5XVkqXqxQBxQKNpe3Il450pD8Hv%2Bob1mBS2vh%2Bb8YhUrnlld8mhQv9tFflGEuDMwgYF%2F7z2SO1pf5YXv%2FPxCQApHycXDTqrd53IrYvC16VrR5XjGgKEXaBOTnOYr6%2BW%2FSBX%2FWAtJkt3YHBF6PeB6vauPGYkpaYbib9msgvzxVE8UcJBC%2FlFEQ%2FCQmQQlqO5BG%2BQhPeTWYjlXjJIxt%2BdCXcug8wk5Btl7UQuhFZibUsyBEeGelpadfwW2Rj0NcTGZhdR%2FqDesW7hFgXw%3D%3D","environmentVariables":{"FIREBASE_CONFIG":"{\"projectId\":\"savingszetu\",\"databaseURL\":\"https://savingszetu-default-rtdb.firebaseio.com\",\"storageBucket\":\"savingszetu.appspot.com\",\"locationId\":\"us-central\"}","GCLOUD_PROJECT":"savingszetu"},"runtime":"nodejs14"},"versionId":"1","updateTime":"2021-10-19T02:45:12Z","buildId":"f0de8c11-08cc-49ca-9e1f-f24826d0d558","buildName":"projects/60200726040/locations/us-central1/builds/f0de8c11-08cc-49ca-9e1f-f24826d0d558"}}
[debug] [2021-10-19T02:45:18.024Z] [create-projects/savingszetu/locations/us-central1/functions/api] Retrying task index 0
[debug] [2021-10-19T02:45:18.025Z] >>> [apiv2][query] GET https://cloudfunctions.googleapis.com/v1/operations/c2F2aW5nc3pldHUvdXMtY2VudHJhbDEvYXBpL1loT3hvQk02M05r [none]
[debug] [2021-10-19T02:45:19.093Z] <<< [apiv2][status] GET https://cloudfunctions.googleapis.com/v1/operations/c2F2aW5nc3pldHUvdXMtY2VudHJhbDEvYXBpL1loT3hvQk02M05r 200
[debug] [2021-10-19T02:45:19.094Z] <<< [apiv2][body] GET https://cloudfunctions.googleapis.com/v1/operations/c2F2aW5nc3pldHUvdXMtY2VudHJhbDEvYXBpL1loT3hvQk02M05r {"name":"operations/c2F2aW5nc3pldHUvdXMtY2VudHJhbDEvYXBpL1loT3hvQk02M05r","metadata":{"@type":"type.googleapis.com/google.cloud.functions.v1.OperationMetadataV1","target":"projects/savingszetu/locations/us-central1/functions/api","type":"CREATE_FUNCTION","request":{"@type":"type.googleapis.com/google.cloud.functions.v1.CloudFunction","name":"projects/savingszetu/locations/us-central1/functions/api","httpsTrigger":{},"entryPoint":"api","labels":{"deployment-tool":"cli-firebase"},"sourceUploadUrl":"https://storage.googleapis.com/gcf-upload-us-central1-89571893-e332-4ff8-abd5-bd78dd33e618/69b6538f-6fc4-4c2b-a0cb-141e9ecf74ec.zip?GoogleAccessId=service-60200726040@gcf-admin-robot.iam.gserviceaccount.com&Expires=1634613307&Signature=YqDArlTN65eYruatzEestGILmCnA%2BZo4ohLpg%2FKKeHSzl4i5PzBW6lEMNRDK0QlqH9euAYf5XVkqXqxQBxQKNpe3Il450pD8Hv%2Bob1mBS2vh%2Bb8YhUrnlld8mhQv9tFflGEuDMwgYF%2F7z2SO1pf5YXv%2FPxCQApHycXDTqrd53IrYvC16VrR5XjGgKEXaBOTnOYr6%2BW%2FSBX%2FWAtJkt3YHBF6PeB6vauPGYkpaYbib9msgvzxVE8UcJBC%2FlFEQ%2FCQmQQlqO5BG%2BQhPeTWYjlXjJIxt%2BdCXcug8wk5Btl7UQuhFZibUsyBEeGelpadfwW2Rj0NcTGZhdR%2FqDesW7hFgXw%3D%3D","environmentVariables":{"FIREBASE_CONFIG":"{\"projectId\":\"savingszetu\",\"databaseURL\":\"https://savingszetu-default-rtdb.firebaseio.com\",\"storageBucket\":\"savingszetu.appspot.com\",\"locationId\":\"us-central\"}","GCLOUD_PROJECT":"savingszetu"},"runtime":"nodejs14"},"versionId":"1","updateTime":"2021-10-19T02:45:12Z","buildId":"f0de8c11-08cc-49ca-9e1f-f24826d0d558","buildName":"projects/60200726040/locations/us-central1/builds/f0de8c11-08cc-49ca-9e1f-f24826d0d558"}}
[debug] [2021-10-19T02:45:21.099Z] [create-projects/savingszetu/locations/us-central1/functions/api] Retrying task index 0
[debug] [2021-10-19T02:45:21.100Z] >>> [apiv2][query] GET https://cloudfunctions.googleapis.com/v1/operations/c2F2aW5nc3pldHUvdXMtY2VudHJhbDEvYXBpL1loT3hvQk02M05r [none]
[debug] [2021-10-19T02:45:22.319Z] <<< [apiv2][status] GET https://cloudfunctions.googleapis.com/v1/operations/c2F2aW5nc3pldHUvdXMtY2VudHJhbDEvYXBpL1loT3hvQk02M05r 200
[debug] [2021-10-19T02:45:22.320Z] <<< [apiv2][body] GET https://cloudfunctions.googleapis.com/v1/operations/c2F2aW5nc3pldHUvdXMtY2VudHJhbDEvYXBpL1loT3hvQk02M05r {"name":"operations/c2F2aW5nc3pldHUvdXMtY2VudHJhbDEvYXBpL1loT3hvQk02M05r","metadata":{"@type":"type.googleapis.com/google.cloud.functions.v1.OperationMetadataV1","target":"projects/savingszetu/locations/us-central1/functions/api","type":"CREATE_FUNCTION","request":{"@type":"type.googleapis.com/google.cloud.functions.v1.CloudFunction","name":"projects/savingszetu/locations/us-central1/functions/api","httpsTrigger":{},"entryPoint":"api","labels":{"deployment-tool":"cli-firebase"},"sourceUploadUrl":"https://storage.googleapis.com/gcf-upload-us-central1-89571893-e332-4ff8-abd5-bd78dd33e618/69b6538f-6fc4-4c2b-a0cb-141e9ecf74ec.zip?GoogleAccessId=service-60200726040@gcf-admin-robot.iam.gserviceaccount.com&Expires=1634613307&Signature=YqDArlTN65eYruatzEestGILmCnA%2BZo4ohLpg%2FKKeHSzl4i5PzBW6lEMNRDK0QlqH9euAYf5XVkqXqxQBxQKNpe3Il450pD8Hv%2Bob1mBS2vh%2Bb8YhUrnlld8mhQv9tFflGEuDMwgYF%2F7z2SO1pf5YXv%2FPxCQApHycXDTqrd53IrYvC16VrR5XjGgKEXaBOTnOYr6%2BW%2FSBX%2FWAtJkt3YHBF6PeB6vauPGYkpaYbib9msgvzxVE8UcJBC%2FlFEQ%2FCQmQQlqO5BG%2BQhPeTWYjlXjJIxt%2BdCXcug8wk5Btl7UQuhFZibUsyBEeGelpadfwW2Rj0NcTGZhdR%2FqDesW7hFgXw%3D%3D","environmentVariables":{"FIREBASE_CONFIG":"{\"projectId\":\"savingszetu\",\"databaseURL\":\"https://savingszetu-default-rtdb.firebaseio.com\",\"storageBucket\":\"savingszetu.appspot.com\",\"locationId\":\"us-central\"}","GCLOUD_PROJECT":"savingszetu"},"runtime":"nodejs14"},"versionId":"1","updateTime":"2021-10-19T02:45:12Z","buildId":"f0de8c11-08cc-49ca-9e1f-f24826d0d558","buildName":"projects/60200726040/locations/us-central1/builds/f0de8c11-08cc-49ca-9e1f-f24826d0d558"}}
[debug] [2021-10-19T02:45:26.324Z] [create-projects/savingszetu/locations/us-central1/functions/api] Retrying task index 0
[debug] [2021-10-19T02:45:26.326Z] >>> [apiv2][query] GET https://cloudfunctions.googleapis.com/v1/operations/c2F2aW5nc3pldHUvdXMtY2VudHJhbDEvYXBpL1loT3hvQk02M05r [none]
[debug] [2021-10-19T02:45:27.483Z] <<< [apiv2][status] GET https://cloudfunctions.googleapis.com/v1/operations/c2F2aW5nc3pldHUvdXMtY2VudHJhbDEvYXBpL1loT3hvQk02M05r 200
[debug] [2021-10-19T02:45:27.483Z] <<< [apiv2][body] GET https://cloudfunctions.googleapis.com/v1/operations/c2F2aW5nc3pldHUvdXMtY2VudHJhbDEvYXBpL1loT3hvQk02M05r {"name":"operations/c2F2aW5nc3pldHUvdXMtY2VudHJhbDEvYXBpL1loT3hvQk02M05r","metadata":{"@type":"type.googleapis.com/google.cloud.functions.v1.OperationMetadataV1","target":"projects/savingszetu/locations/us-central1/functions/api","type":"CREATE_FUNCTION","request":{"@type":"type.googleapis.com/google.cloud.functions.v1.CloudFunction","name":"projects/savingszetu/locations/us-central1/functions/api","httpsTrigger":{},"entryPoint":"api","labels":{"deployment-tool":"cli-firebase"},"sourceUploadUrl":"https://storage.googleapis.com/gcf-upload-us-central1-89571893-e332-4ff8-abd5-bd78dd33e618/69b6538f-6fc4-4c2b-a0cb-141e9ecf74ec.zip?GoogleAccessId=service-60200726040@gcf-admin-robot.iam.gserviceaccount.com&Expires=1634613307&Signature=YqDArlTN65eYruatzEestGILmCnA%2BZo4ohLpg%2FKKeHSzl4i5PzBW6lEMNRDK0QlqH9euAYf5XVkqXqxQBxQKNpe3Il450pD8Hv%2Bob1mBS2vh%2Bb8YhUrnlld8mhQv9tFflGEuDMwgYF%2F7z2SO1pf5YXv%2FPxCQApHycXDTqrd53IrYvC16VrR5XjGgKEXaBOTnOYr6%2BW%2FSBX%2FWAtJkt3YHBF6PeB6vauPGYkpaYbib9msgvzxVE8UcJBC%2FlFEQ%2FCQmQQlqO5BG%2BQhPeTWYjlXjJIxt%2BdCXcug8wk5Btl7UQuhFZibUsyBEeGelpadfwW2Rj0NcTGZhdR%2FqDesW7hFgXw%3D%3D","environmentVariables":{"FIREBASE_CONFIG":"{\"projectId\":\"savingszetu\",\"databaseURL\":\"https://savingszetu-default-rtdb.firebaseio.com\",\"storageBucket\":\"savingszetu.appspot.com\",\"locationId\":\"us-central\"}","GCLOUD_PROJECT":"savingszetu"},"runtime":"nodejs14"},"versionId":"1","updateTime":"2021-10-19T02:45:12Z","buildId":"f0de8c11-08cc-49ca-9e1f-f24826d0d558","buildName":"projects/60200726040/locations/us-central1/builds/f0de8c11-08cc-49ca-9e1f-f24826d0d558"}}
[debug] [2021-10-19T02:45:35.488Z] [create-projects/savingszetu/locations/us-central1/functions/api] Retrying task index 0
[debug] [2021-10-19T02:45:35.489Z] >>> [apiv2][query] GET https://cloudfunctions.googleapis.com/v1/operations/c2F2aW5nc3pldHUvdXMtY2VudHJhbDEvYXBpL1loT3hvQk02M05r [none]
